<?xml version="1.0" encoding="UTF-8"?>
<dataset>
    <filename_scraping_rules id="1"
                             rule_name="Rule 1"
                             rule="The rule"
                             priority="1"
                             series_position="1"
                             volume_position="2"
                             issue_number_position="3"
                             cover_date_position="4"
                             Date_format="YYYY-mm-dd"
                             last_modified_on="[now]"/>
    <metadata_sources id="1000"
                      adaptor_name="FarkleScrapingAdaptor"
                      preferred_source="false"/>
    <metadata_sources id="1001"
                      adaptor_name="UnusedScrapingAdaptor"
                      preferred_source="true"/>
    <metadata_source_properties id="1000"
                                metadata_source_id="1000"
                                property_name="api-key"
                                property_value="0192837465FAEBDC"/>
    <metadata_source_properties id="1001"
                                metadata_source_id="1001"
                                property_name="api-key"
                                property_value="0192837465FAEBDC"/>
    <comic_books id="1000"
                 file_contents_loaded="true"
                 blocked_pages_marked="true"
                 update_metadata="true"
                 batch_metadata_update="false"
                 organizing="false"
                 recreating="true"
                 purge_comic="false"
                 create_metadata_source="false"
                 edit_details="false"
                 last_modified_on="2020-01-09 06:25:00"/>
    <comic_metadata_sources id="1000"
                            comic_book_id="1000"
                            metadata_source_id="1000"
                            reference_id="1000"/>
    <comic_books id="1001"
                 file_contents_loaded="true"
                 blocked_pages_marked="true"
                 update_metadata="true"
                 batch_metadata_update="false"
                 organizing="false"
                 recreating="true"
                 purge_comic="false"
                 create_metadata_source="false"
                 edit_details="false"
                 last_modified_on="2020-01-09 06:27:00"/>
    <comic_books id="1002"
                 file_contents_loaded="true"
                 blocked_pages_marked="true"
                 update_metadata="true"
                 batch_metadata_update="false"
                 organizing="false"
                 recreating="true"
                 purge_comic="false"
                 create_metadata_source="false"
                 edit_details="false"
                 last_modified_on="2020-01-09 06:26:00"/>
    <comic_books id="1003"
                 file_contents_loaded="true"
                 blocked_pages_marked="true"
                 update_metadata="true"
                 batch_metadata_update="false"
                 organizing="false"
                 recreating="true"
                 purge_comic="false"
                 create_metadata_source="false"
                 edit_details="false"
                 last_modified_on="2020-01-09 06:25:00"/>
    <comic_books id="1004"
                 file_contents_loaded="true"
                 blocked_pages_marked="true"
                 update_metadata="true"
                 batch_metadata_update="false"
                 organizing="false"
                 recreating="true"
                 purge_comic="false"
                 create_metadata_source="false"
                 edit_details="false"
                 last_modified_on="2020-01-09 06:27:11"/>
    <comic_books id="1005"
                 file_contents_loaded="true"
                 blocked_pages_marked="true"
                 update_metadata="true"
                 batch_metadata_update="false"
                 organizing="false"
                 recreating="true"
                 purge_comic="false"
                 create_metadata_source="false"
                 edit_details="false"
                 last_modified_on="2020-01-09 06:27:02"/>
    <comic_books id="1006"
                 file_contents_loaded="true"
                 blocked_pages_marked="true"
                 update_metadata="true"
                 batch_metadata_update="false"
                 organizing="false"
                 recreating="true"
                 purge_comic="false"
                 create_metadata_source="false"
                 edit_details="false"
                 last_modified_on="2020-01-09 06:27:30"/>
    <comic_books id="1010"
                 file_contents_loaded="true"
                 blocked_pages_marked="true"
                 update_metadata="true"
                 batch_metadata_update="false"
                 organizing="false"
                 recreating="true"
                 purge_comic="false"
                 create_metadata_source="false"
                 edit_details="false"
                 last_modified_on="2020-01-09 06:27:30"/>
    <comic_books id="1020"
                 file_contents_loaded="true"
                 blocked_pages_marked="true"
                 update_metadata="true"
                 batch_metadata_update="false"
                 organizing="false"
                 recreating="true"
                 purge_comic="false"
                 create_metadata_source="false"
                 edit_details="false"
                 last_modified_on="2019-04-24 09:35:00"/>
    <comic_books id="1021"
                 file_contents_loaded="true"
                 blocked_pages_marked="true"
                 update_metadata="true"
                 batch_metadata_update="false"
                 organizing="false"
                 recreating="true"
                 purge_comic="false"
                 create_metadata_source="false"
                 edit_details="false"
                 last_modified_on="2019-04-24 09:36:00"/>
    <comic_books id="2000"
                 file_contents_loaded="true"
                 blocked_pages_marked="true"
                 update_metadata="true"
                 batch_metadata_update="false"
                 organizing="false"
                 recreating="true"
                 purge_comic="false"
                 create_metadata_source="false"
                 edit_details="false"
                 last_modified_on="2019-04-24 09:36:00"/>
    <comic_details id="2000"
                   comic_book_id="1000"
                   comic_state="STABLE"
                   comic_type="ISSUE"
                   filename="C:/users/comixeduser/Documents/comicBooks/example.cbz"
                   archive_type="CBZ"
                   sort_name="My First Comic"
                   description="This is a comicBook book's description"
                   added_date="2017-06-16 15:21:00"/>
    <comic_details id="2001"
                   comic_book_id="1001"
                   comic_state="STABLE"
                   comic_type="ISSUE"
                   filename="C:/users/comixeduser/Documents/comicBooks/example2.cbz"
                   archive_type="CBZ"
                   publisher="Marvel"
                   imprint="Marvel Digital"
                   series="Steve Rogers: Captain America"
                   volume="2017"
                   issue_number="513"
                   description="This is a comicBook book's description"
                   cover_date="2017-02-28"
                   added_date="2017-06-15 15:20:00"/>
    <comic_details id="2002"
                   comic_book_id="1002"
                   comic_state="STABLE"
                   comic_type="ISSUE"
                   filename="C:/users/comixeduser/Documents/comicBooks/example3.cbz"
                   archive_type="CBZ"
                   publisher="DC"
                   series="Action Comics"
                   volume="2017"
                   issue_number="512"
                   description="This is a comicBook book's description"
                   cover_date="2017-01-31"
                   added_date="2017-06-14 15:20:00"/>
    <comic_details id="2003"
                   comic_book_id="1003"
                   comic_state="STABLE"
                   comic_type="ISSUE"
                   filename="C:/users/comixeduser/Documents/comicBooks/example4.cbz"
                   archive_type="CBZ"
                   publisher="Warren"
                   series="Creepy"
                   volume="2017"
                   issue_number="512"
                   description="This is a comicBook book's description"
                   cover_date="1965-01-31"
                   added_date="2017-06-13 15:20:00"/>
    <comic_details id="2004"
                   comic_book_id="1004"
                   comic_state="STABLE"
                   comic_type="ISSUE"
                   filename="C:/users/comixeduser/Documents/comicBooks/example5.cbz"
                   archive_type="CBZ"
                   publisher="Marvel"
                   series="Steve Rogers: Captain America"
                   volume="2017"
                   issue_number="514"
                   description="This is a comicBook book's description"
                   cover_date="2017-03-31"
                   added_date="2017-06-15 15:20:00"/>
    <comic_details id="2005"
                   comic_book_id="1005"
                   comic_state="STABLE"
                   comic_type="ISSUE"
                   filename="C:/users/comixeduser/Documents/comicBooks/example6.cbz"
                   archive_type="CBZ"
                   publisher="Marvel"
                   series="Steve Rogers: Captain America"
                   volume="2017"
                   issue_number="250"
                   description="This is a comicBook book's description"
                   cover_date="2016-02-28"
                   added_date="2017-06-15 15:20:10"/>
    <comic_details id="2006"
                   comic_book_id="1006"
                   comic_state="STABLE"
                   comic_type="ISSUE"
                   filename="C:/users/comixeduser/Documents/comicBooks/example7.cbz"
                   archive_type="CBZ"
                   publisher="Marvel"
                   series="Steve Rogers: Captain America"
                   volume="2017"
                   issue_number="249"
                   description="This is a comicBook book's description"
                   cover_date="2015-02-28"
                   added_date="2017-06-15 15:20:20"/>
    <comic_details id="2010"
                   comic_book_id="1010"
                   comic_state="DELETED"
                   comic_type="ISSUE"
                   filename="C:/users/comixeduser/Documents/comicBooks/deleted-example1.cbz"
                   archive_type="CBZ"
                   publisher="Marvel"
                   series="Steve Rogers: Captain America"
                   volume="2017"
                   issue_number="249"
                   description="This is a comicBook book's description"
                   cover_date="2015-02-28"
                   added_date="2017-06-15 15:20:20"/>
    <comic_details id="2020"
                   comic_book_id="1020"
                   comic_state="STABLE"
                   comic_type="TRADEPAPERBACK"
                   filename="C:/users/comixeduser/Documents/comicBooks/duplicate-1.cbz"
                   archive_type="CBZ"
                   publisher="Marvel"
                   series="Nova"
                   volume="2015"
                   issue_number="19"
                   description="This is a comicBook book's description"
                   added_date="2019-04-24 09:35:00"
                   cover_date="2017-02-31"/>
    <comic_details id="2021"
                   comic_book_id="1021"
                   comic_state="STABLE"
                   comic_type="TRADEPAPERBACK"
                   filename="C:/users/comixeduser/Documents/comicBooks/duplicate-2.cbz"
                   archive_type="CBZ"
                   publisher="Marvel"
                   series="Nova"
                   volume="2015"
                   issue_number="19"
                   description="This is a comicBook book's description"
                   cover_date="2017-02-31"
                   added_date="2019-04-24 09:36:00"/>
    <comic_details id="3000"
                   comic_book_id="2000"
                   comic_state="STABLE"
                   comic_type="MANGA"
                   filename="C:/users/comixeduser/Documents/comicBooks/unread-1.cbz"
                   archive_type="CBZ"
                   publisher="Marvel"
                   series="Unwanted Comic"
                   volume="2015"
                   issue_number="19"
                   description="This is a comicBook book's description"
                   cover_date="2017-02-31"
                   added_date="2019-04-24 09:36:00"/>
    <comic_tags comic_detail_id="2000"
                tag_type="CHARACTER"
                tag_value="Captain America"/>
    <comic_tags comic_detail_id="2000"
                tag_type="CHARACTER"
                tag_value="Sharon Carter"/>
    <comic_tags comic_detail_id="2000"
                tag_type="CHARACTER"
                tag_value="Red Skull"/>
    <comic_tags comic_detail_id="2001"
                tag_type="CHARACTER"
                tag_value="Captain America"/>
    <comic_tags comic_detail_id="2001"
                tag_type="CHARACTER"
                tag_value="Steve Rogers"/>
    <comic_tags comic_detail_id="2001"
                tag_type="CHARACTER"
                tag_value="Sharon Carter"/>
    <comic_tags comic_detail_id="2002"
                tag_type="CHARACTER"
                tag_value="Superman"/>
    <comic_tags comic_detail_id="2002"
                tag_type="CHARACTER"
                tag_value="Lois Lane"/>
    <comic_tags comic_detail_id="2002"
                tag_type="CHARACTER"
                tag_value="Lex Luthor"/>
    <comic_tags comic_detail_id="2002"
                tag_type="CHARACTER"
                tag_value="Batman"/>
    <comic_tags comic_detail_id="2002"
                tag_type="CHARACTER"
                tag_value="Perry White"/>
    <comic_tags comic_detail_id="2000"
                tag_type="TEAM"
                tag_value="SHIELD"/>
    <comic_tags comic_detail_id="2000"
                tag_type="TEAM"
                tag_value="Hydra"/>
    <comic_tags comic_detail_id="2001"
                tag_type="TEAM"
                tag_value="SHIELD"/>
    <comic_tags comic_detail_id="2002"
                tag_type="TEAM"
                tag_value="Justice League"/>
    <comic_tags comic_detail_id="2002"
                tag_type="TEAM"
                tag_value="The Daily Planet"/>
    <comic_tags comic_detail_id="2000"
                tag_type="LOCATION"
                tag_value="Wakanda"/>
    <comic_tags comic_detail_id="2000"
                tag_type="LOCATION"
                tag_value="Genosha"/>
    <comic_tags comic_detail_id="2000"
                tag_type="LOCATION"
                tag_value="The Savage Land"/>
    <comic_tags comic_detail_id="2001"
                tag_type="LOCATION"
                tag_value="Wakanda"/>
    <comic_tags comic_detail_id="2001"
                tag_type="LOCATION"
                tag_value="Genosha"/>
    <comic_tags comic_detail_id="2001"
                tag_type="LOCATION"
                tag_value="The Savage Land"/>
    <comic_tags comic_detail_id="2002"
                tag_type="LOCATION"
                tag_value="The Fortress Of Solitude"/>
    <comic_tags comic_detail_id="2003"
                tag_type="LOCATION"
                tag_value="New York City"/>
    <comic_tags comic_detail_id="2000"
                tag_type="STORY"
                tag_value="Civil War II"/>
    <comic_tags comic_detail_id="2001"
                tag_type="STORY"
                tag_value="Prelude To Civil War II"/>
    <comic_pages id="1000"
                 comic_book_id="1000"
                 page_state="STABLE"
                 filename="frontpage.jpg"
                 page_number="0"
                 file_hash="0123456789ABCDEF0123456789ABCDEF"/>
    <comic_pages id="1001"
                 comic_book_id="1000"
                 page_state="STABLE"
                 filename="page1.jpg"
                 page_number="1"
                 file_hash="F0123456789ABCDEF0123456789ABCDE"/>
    <comic_pages id="1002"
                 comic_book_id="1000"
                 page_state="STABLE"
                 filename="page2.jpg"
                 page_number="2"
                 file_hash="EF0123456789ABCDEF0123456789ABCD"/>
    <comic_pages id="1003"
                 comic_book_id="1000"
                 page_state="STABLE"
                 filename="page3.jpg"
                 page_number="3"
                 file_hash="DEF0123456789ABCDEF0123456789ABC"/>
    <comic_pages id="1004"
                 comic_book_id="1000"
                 page_state="STABLE"
                 filename="backpage.jpg"
                 page_number="4"
                 file_hash="CDEF0123456789ABCDEF0123456789AB"/>
    <comic_pages id="2000"
                 comic_book_id="1001"
                 page_state="STABLE"
                 filename="frontpage.jpg"
                 page_number="0"
                 file_hash="BCDEF0123456789ABCDEF0123456789A"/>
    <comic_pages id="2001"
                 comic_book_id="1001"
                 page_state="STABLE"
                 filename="page1.jpg"
                 page_number="1"
                 file_hash="ABCDEF0123456789ABCDEF0123456789"/>
    <comic_pages id="2002"
                 comic_book_id="1001"
                 page_state="STABLE"
                 filename="page2.jpg"
                 page_number="2"
                 file_hash="9ABCDEF0123456789ABCDEF012345678"/>
    <comic_pages id="2003"
                 comic_book_id="1001"
                 page_state="STABLE"
                 filename="backcover.jpg"
                 page_number="4"
                 file_hash="89ABCDEF0123456789ABCDEF01234567"/>
    <comic_pages id="2102"
                 comic_book_id="1001"
                 page_state="STABLE"
                 filename="frontpage.jpg"
                 page_number="1"
                 file_hash="789ABCDEF0123456789ABCDEF0123456"/>
    <comic_pages id="3000"
                 comic_book_id="1002"
                 page_state="STABLE"
                 filename="frontpage.jpg"
                 page_number="0"
                 file_hash="6789ABCDEF0123456789ABCDEF012345"/>
    <comic_pages id="3001"
                 comic_book_id="1002"
                 page_state="DELETED"
                 filename="page1.jpg"
                 page_number="1"
                 file_hash="56789ABCDEF0123456789ABCDEF01234"/>
    <comic_pages id="3002"
                 comic_book_id="1002"
                 page_state="DELETED"
                 filename="page1.jpg"
                 page_number="2"
                 file_hash="456789ABCDEF0123456789ABCDEF0123"/>
    <comic_pages id="3003"
                 comic_book_id="1002"
                 page_state="DELETED"
                 filename="backpage.jpg"
                 page_number="3"
                 file_hash="3456789ABCDEF0123456789ABCDEF012"/>
    <comic_pages id="3004"
                 comic_book_id="1003"
                 page_state="STABLE"
                 filename="frontpage.jpg"
                 page_number="0"
                 file_hash="23456789ABCDEF0123456789ABCDEF01"/>
    <comic_pages id="3005"
                 comic_book_id="1003"
                 page_state="STABLE"
                 filename="page1.jpg"
                 page_number="1"
                 file_hash="123456789ABCDEF0123456789ABCDEF0"/>
    <comic_pages id="3006"
                 comic_book_id="1003"
                 page_state="STABLE"
                 filename="page2.jpg"
                 page_number="2"
                 file_hash="0123456789ABCDEF0123456789ABCDEF"/>
    <comic_pages id="3007"
                 comic_book_id="1003"
                 page_state="STABLE"
                 filename="page3.jpg"
                 page_number="3"
                 file_hash="F0123456789ABCDEF0123456789ABCDE"/>
    <comic_pages id="3008"
                 comic_book_id="1003"
                 page_state="STABLE"
                 filename="backpage.jpg"
                 page_number="4"
                 file_hash="EF0123456789ABCDEF0123456789ABCD"/>
    <blocked_hashes id="1000"
                    label="Created Yesterday"
                    hash_value="0123456789ABCDEF0123456789ABCDEF"
                    thumbnail="some base64 data"
                    created_on="[now-1d]"
    />
    <blocked_hashes id="1001"
                    label="Created Today"
                    hash_value="ABCDEF0123456789ABCDEF0123456789"
                    thumbnail="some base64 data"
                    created_on="[now]"/>
    <comixed_users id="1000"
                   email="comixedreader@localhost"
                   password_hash="12345"
                   created_on="2018-01-01 12:00:00"
                   last_logged_on="2018-12-18 17:57:00"/>
    <comixed_users id="2000"
                   email="comixedreader2@localhost"
                   password_hash="54321"
                   created_on="2018-01-01 12:00:00"
                   last_logged_on="2018-12-18 17:57:00"/>
    <last_read_dates id="1"
                     comixed_user_id="1000"
                     comic_detail_id="2000"
                     created_on="[now-1d]"
                     last_read_on="[now]"/>
    <last_read_dates id="2"
                     comixed_user_id="1000"
                     comic_detail_id="2001"
                     created_on="[now-1d]"
                     last_read_on="[now]"/>
    <last_read_dates id="3"
                     comixed_user_id="1000"
                     comic_detail_id="2002"
                     created_on="[now-1d]"
                     last_read_on="[now]"/>
    <last_read_dates id="4"
                     comixed_user_id="1000"
                     comic_detail_id="2003"
                     created_on="[now-1d]"
                     last_read_on="[now]"/>
    <last_read_dates id="5"
                     comixed_user_id="1000"
                     comic_detail_id="2004"
                     created_on="[now-1d]"
                     last_read_on="[now]"/>
    <last_read_dates id="6"
                     comixed_user_id="1000"
                     comic_detail_id="2005"
                     created_on="[now-1d]"
                     last_read_on="[now]"/>
    <last_read_dates id="7"
                     comixed_user_id="1000"
                     comic_detail_id="2006"
                     created_on="[now-1d]"
                     last_read_on="[now]"/>
    <last_read_dates id="8"
                     comixed_user_id="1000"
                     comic_detail_id="2010"
                     created_on="[now-1d]"
                     last_read_on="[now]"/>
    <last_read_dates id="9"
                     comixed_user_id="1000"
                     comic_detail_id="2020"
                     created_on="[now-1d]"
                     last_read_on="[now]"/>
    <last_read_dates id="10"
                     comixed_user_id="1000"
                     comic_detail_id="2021"
                     created_on="[now-1d]"
                     last_read_on="[now]"/>
    <reading_lists id="1000"
                   reading_list_state="STABLE"
                   reading_list_name="First Reading List"
                   name_key="FIRST READING LIST"
                   owner_id="1000"
                   summary="This is my reading list"
                   created_on="[now-1d]"
                   last_modified_on="[now]"/>
    <reading_lists id="1001"
                   reading_list_state="STABLE"
                   reading_list_name="Second Reading List"
                   name_key="SECOND READING LIST"
                   owner_id="1000"
                   summary="This is my other reading list"
                   created_on="[now-1d]"
                   last_modified_on="[now]"/>
    <reading_list_entries reading_list_id="1000"
                          comic_detail_id="2000"/>
    <reading_list_entries reading_list_id="1000"
                          comic_detail_id="2001"/>
    <reading_list_entries reading_list_id="1000"
                          comic_detail_id="2002"/>
    <reading_list_entries reading_list_id="1000"
                          comic_detail_id="2003"/>
    <reading_list_entries reading_list_id="1000"
                          comic_detail_id="2004"/>
    <reading_list_entries reading_list_id="1001"
                          comic_detail_id="2004"/>
    <metadata_cache id="1000"
                    metadata_source="ComicVine"
                    cache_key="volumes[Iron Man]"
                    created_on="[now]"/>
    <metadata_cache_entries id="1000"
                            metadata_cache_id="1000"
                            entry_number="0"
                            entry_value="cached-value-0"/>
    <metadata_cache_entries id="1001"
                            metadata_cache_id="1000"
                            entry_number="1"
                            entry_value="cached-value-1"/>
    <metadata_cache_entries id="1002"
                            metadata_cache_id="1000"
                            entry_number="2"
                            entry_value="cached-value-2"/>
    <metadata_cache_entries id="1003"
                            metadata_cache_id="1000"
                            entry_number="3"
                            entry_value="cached-value-3"/>
    <metadata_cache_entries id="1004"
                            metadata_cache_id="1000"
                            entry_number="4"
                            entry_value="cached-value-4"/>
    <metadata_cache_entries id="1005"
                            metadata_cache_id="1000"
                            entry_number="5"
                            entry_value="cached-value-5"/>
    <metadata_cache_entries id="1006"
                            metadata_cache_id="1000"
                            entry_number="6"
                            entry_value="cached-value-6"/>
    <metadata_cache_entries id="1007"
                            metadata_cache_id="1000"
                            entry_number="7"
                            entry_value="cached-value-7"/>
    <metadata_cache_entries id="1008"
                            metadata_cache_id="1000"
                            entry_number="8"
                            entry_value="cached-value-8"/>
    <metadata_cache_entries id="1009"
                            metadata_cache_id="1000"
                            entry_number="9"
                            entry_value="cached-value-9"/>
    <stories id="1"
             story_name="Age Of Ultron"
             story_state="STABLE"
             publisher="Marvel"
             created_on="[now]"
             last_modified_on="[now]"/>
    <stories id="2"
             story_name="Age Of Ultron"
             story_state="STABLE"
             publisher="Panini"
             created_on="[now]"
             last_modified_on="[now]"/>
    <stories id="3"
             story_name="Identity Crisis"
             story_state="STABLE"
             publisher="Marvel"
             created_on="[now]"
             last_modified_on="[now]"/>
    <issues id="1"
            publisher="Marvel"
            series="Steve Rogers: Captain America"
            volume="2017"
            issue_number="512"/>
    <issues id="2"
            publisher="Marvel"
            series="Steve Rogers: Captain America"
            volume="2017"
            issue_number="513"/>
    <issues id="3"
            publisher="Marvel"
            series="Steve Rogers: Captain America"
            volume="2017"
            issue_number="514"/>
    <issues id="11"
            publisher="Marvel"
            series="Steve Rogers: Captain America"
            volume="2017"
            issue_number="4"/>
    <issues id="12"
            publisher="Marvel"
            series="Steve Rogers: Captain America"
            volume="2017"
            issue_number="5"/>
    <issues id="13"
            publisher="Marvel"
            series="Steve Rogers: Captain America"
            volume="2016"
            issue_number="6"/>
    <library_plugins id="1000"
                     name="Test LibraryPlugin"
                     unique_name="TEST PLUGIN"
                     language="groovy"
                     version="1.2.3"
                     admin_only="true"
                     filename="c:/Users/comixedreader/Binaries/comixed/plugins/test_plugin.groovy" />
    <library_plugin_properties id="2000"
                               library_plugin_id="1000"
                               property_name="test.property"
                               property_length="32"
                               property_required="true"
                               property_value="property-value"
                               />
</dataset>
