<?xml version="1.0" encoding="UTF-8"?>
<dataset>
  <FilenameScrapingRules Id="1"
                         Name="Rule 1"
                         Rule="The rule"
                         Priority="1"
                         SeriesPosition="1"
                         VolumePosition="2"
                         IssueNumberPosition="3"
                         CoverDatePosition="4"
                         DateFormat="YYYY-mm-dd"
                         LastModifiedOn="[now]"/>
  <MetadataSources Id="1000"
                   BeanName="farkleScrapingAdaptor"
                   Name="Farkle Metadata Source"
                   Preferred="false"/>
  <MetadataSources Id="1001"
                   BeanName="unusedScrapingAdaptor"
                   Name="Unused Metadata Source"
                   Preferred="true"/>
  <MetadataSourceProperties Id="1000"
                            MetadataSourceId="1000"
                            Name="api-key"
                            Value="0192837465FAEBDC"/>
  <MetadataSourceProperties Id="1001"
                            MetadataSourceId="1001"
                            Name="api-key"
                            Value="0192837465FAEBDC"/>
  <ComicBooks Id="1000"
              Filename="C:/users/mcpierce/Documents/comicBooks/example.cbz"
              Description="This is a comicBook book's description"
              sortname="My First Comic"
              FileContentsLoaded="true"
              BlockedPagesMarked="true"
              UpdateMetadata="true"
              BatchMetadataUpdate="false"
              Consolidating="false"
              Recreating="true"
              PurgeComic="false"
              CreateMetadataSource="false"
              EditDetails="false"
              LastModifiedOn="2020-01-09 06:25:00"/>
  <ComicMetadataSources Id="1000"
                        ComicBookId="1000"
                        MetadataSourceId="1000"
                        ReferenceId="1000"/>
  <ComicBooks Id="1001"
              Filename="C:/users/mcpierce/Documents/comicBooks/example2.cbz"
              Description="This is a comicBook book's description"
              FileContentsLoaded="true"
              BlockedPagesMarked="true"
              UpdateMetadata="true"
              BatchMetadataUpdate="false"
              Consolidating="false"
              Recreating="true"
              PurgeComic="false"
              CreateMetadataSource="false"
              EditDetails="false"
              LastModifiedOn="2020-01-09 06:27:00"/>
  <ComicBooks Id="1002"
              Filename="C:/users/mcpierce/Documents/comicBooks/example3.cbz"
              Description="This is a comicBook book's description"
              FileContentsLoaded="true"
              BlockedPagesMarked="true"
              UpdateMetadata="true"
              BatchMetadataUpdate="false"
              Consolidating="false"
              Recreating="true"
              PurgeComic="false"
              CreateMetadataSource="false"
              EditDetails="false"
              LastModifiedOn="2020-01-09 06:26:00"/>
  <ComicBooks Id="1003"
              Filename="C:/users/mcpierce/Documents/comicBooks/example4.cbz"
              Description="This is a comicBook book's description"
              FileContentsLoaded="true"
              BlockedPagesMarked="true"
              UpdateMetadata="true"
              BatchMetadataUpdate="false"
              Consolidating="false"
              Recreating="true"
              PurgeComic="false"
              CreateMetadataSource="false"
              EditDetails="false"
              LastModifiedOn="2020-01-09 06:25:00"/>
  <ComicBooks Id="1004"
              Filename="C:/users/mcpierce/Documents/comicBooks/example5.cbz"
              Description="This is a comicBook book's description"
              FileContentsLoaded="true"
              BlockedPagesMarked="true"
              UpdateMetadata="true"
              BatchMetadataUpdate="false"
              Consolidating="false"
              Recreating="true"
              PurgeComic="false"
              CreateMetadataSource="false"
              EditDetails="false"
              LastModifiedOn="2020-01-09 06:27:11"/>
  <ComicBooks Id="1005"
              Filename="C:/users/mcpierce/Documents/comicBooks/example6.cbz"
              Description="This is a comicBook book's description"
              FileContentsLoaded="true"
              BlockedPagesMarked="true"
              UpdateMetadata="true"
              BatchMetadataUpdate="false"
              Consolidating="false"
              Recreating="true"
              PurgeComic="false"
              CreateMetadataSource="false"
              EditDetails="false"
              LastModifiedOn="2020-01-09 06:27:02"/>
  <ComicBooks Id="1006"
              Filename="C:/users/mcpierce/Documents/comicBooks/example7.cbz"
              Description="This is a comicBook book's description"
              FileContentsLoaded="true"
              BlockedPagesMarked="true"
              UpdateMetadata="true"
              BatchMetadataUpdate="false"
              Consolidating="false"
              Recreating="true"
              PurgeComic="false"
              CreateMetadataSource="false"
              EditDetails="false"
              LastModifiedOn="2020-01-09 06:27:30"/>
  <ComicBooks Id="1010"
              Filename="C:/users/mcpierce/Documents/comicBooks/deleted-example1.cbz"
              Description="This is a comicBook book's description"
              FileContentsLoaded="true"
              BlockedPagesMarked="true"
              UpdateMetadata="true"
              BatchMetadataUpdate="false"
              Consolidating="false"
              Recreating="true"
              PurgeComic="false"
              CreateMetadataSource="false"
              EditDetails="false"
              LastModifiedOn="2020-01-09 06:27:30"/>
  <ComicBooks Id="1020"
              Filename="C:/users/mcpierce/Documents/comicBooks/duplicate-1.cbz"
              Description="This is a comicBook book's description"
              FileContentsLoaded="true"
              BlockedPagesMarked="true"
              UpdateMetadata="true"
              BatchMetadataUpdate="false"
              Consolidating="false"
              Recreating="true"
              PurgeComic="false"
              CreateMetadataSource="false"
              EditDetails="false"
              LastModifiedOn="2019-04-24 09:35:00"/>
  <ComicBooks Id="1021"
              Filename="C:/users/mcpierce/Documents/comicBooks/duplicate-2.cbz"
              Description="This is a comicBook book's description"
              FileContentsLoaded="true"
              BlockedPagesMarked="true"
              UpdateMetadata="true"
              BatchMetadataUpdate="false"
              Consolidating="false"
              Recreating="true"
              PurgeComic="false"
              CreateMetadataSource="false"
              EditDetails="false"
              LastModifiedOn="2019-04-24 09:36:00"/>
  <ComicBooks Id="2000"
              Filename="C:/users/mcpierce/Documents/comicBooks/unread-1.cbz"
              Description="This is a comicBook book's description"
              FileContentsLoaded="true"
              BlockedPagesMarked="true"
              UpdateMetadata="true"
              BatchMetadataUpdate="false"
              Consolidating="false"
              Recreating="true"
              PurgeComic="false"
              CreateMetadataSource="false"
              EditDetails="false"
              LastModifiedOn="2019-04-24 09:36:00"/>
  <ComicDetails Id="2000"
                ComicBookId="1000"
                ComicState="STABLE"
                ArchiveType="CBZ"
                AddedDate="2017-06-16 15:21:00"/>
  <ComicDetails Id="2001"
                ComicBookId="1001"
                ComicState="STABLE"
                ArchiveType="CBZ"
                Publisher="Marvel"
                imprint="Marvel Digital"
                Series="Steve Rogers: Captain America"
                Volume="2017"
                IssueNumber="513"
                CoverDate="2017-02-28"
                AddedDate="2017-06-15 15:20:00"/>
  <ComicDetails Id="2002"
                ComicBookId="1002"
                ComicState="STABLE"
                ArchiveType="CBZ"
                Publisher="DC"
                Series="Action Comics"
                Volume="2017"
                IssueNumber="512"
                CoverDate="2017-01-31"
                AddedDate="2017-06-14 15:20:00"/>
  <ComicDetails Id="2003"
                ComicBookId="1003"
                ComicState="STABLE"
                ArchiveType="CBZ"
                Publisher="Warren"
                Series="Creepy"
                Volume="2017"
                IssueNumber="512"
                CoverDate="1965-01-31"
                AddedDate="2017-06-13 15:20:00"/>
  <ComicDetails Id="2004"
                ComicBookId="1004"
                ComicState="STABLE"
                ArchiveType="CBZ"
                Publisher="Marvel"
                Series="Steve Rogers: Captain America"
                Volume="2017"
                IssueNumber="514"
                CoverDate="2017-03-31"
                AddedDate="2017-06-15 15:20:00"/>
  <ComicDetails Id="2005"
                ComicBookId="1005"
                ComicState="STABLE"
                ArchiveType="CBZ"
                Publisher="Marvel"
                Series="Steve Rogers: Captain America"
                Volume="2017"
                IssueNumber="250"
                CoverDate="2016-02-28"
                AddedDate="2017-06-15 15:20:10"/>
  <ComicDetails Id="2006"
                ComicBookId="1006"
                ComicState="STABLE"
                ArchiveType="CBZ"
                Publisher="Marvel"
                Series="Steve Rogers: Captain America"
                Volume="2017"
                IssueNumber="249"
                CoverDate="2015-02-28"
                AddedDate="2017-06-15 15:20:20"/>
  <ComicDetails Id="2010"
                ComicBookId="1010"
                ComicState="DELETED"
                ArchiveType="CBZ"
                Publisher="Marvel"
                Series="Steve Rogers: Captain America"
                Volume="2017"
                IssueNumber="249"
                CoverDate="2015-02-28"
                AddedDate="2017-06-15 15:20:20"/>
  <ComicDetails Id="2020"
                ComicBookId="1020"
                ComicState="STABLE"
                ArchiveType="CBZ"
                Publisher="Marvel"
                Series="Nova"
                Volume="2015"
                IssueNumber="19"
                AddedDate="2019-04-24 09:35:00"
                CoverDate="2017-02-31"/>
  <ComicDetails Id="2021"
                ComicBookId="1021"
                ComicState="STABLE"
                ArchiveType="CBZ"
                Publisher="Marvel"
                Series="Nova"
                Volume="2015"
                IssueNumber="19"
                CoverDate="2017-02-31"
                AddedDate="2019-04-24 09:36:00"/>
  <ComicDetails Id="3000"
                ComicBookId="2000"
                ComicState="STABLE"
                ArchiveType="CBZ"
                Publisher="Marvel"
                Series="Unwanted Comic"
                Volume="2015"
                IssueNumber="19"
                CoverDate="2017-02-31"
                AddedDate="2019-04-24 09:36:00"/>
  <CharacterTags ComicBookId="1000"
                 Name="Captain America"/>
  <CharacterTags ComicBookId="1000"
                 Name="Sharon Carter"/>
  <CharacterTags ComicBookId="1000"
                 Name="Red Skull"/>
  <CharacterTags ComicBookId="1001"
                 Name="Captain America"/>
  <CharacterTags ComicBookId="1001"
                 Name="Steve Rogers"/>
  <CharacterTags ComicBookId="1001"
                 Name="Sharon Carter"/>
  <CharacterTags ComicBookId="1002"
                 Name="Superman"/>
  <CharacterTags ComicBookId="1002"
                 Name="Lois Lane"/>
  <CharacterTags ComicBookId="1002"
                 Name="Lex Luthor"/>
  <CharacterTags ComicBookId="1002"
                 Name="Batman"/>
  <CharacterTags ComicBookId="1002"
                 Name="Perry White"/>
  <TeamTags ComicBookId="1000"
            Name="SHIELD"/>
  <TeamTags ComicBookId="1000"
            Name="Hydra"/>
  <TeamTags ComicBookId="1001"
            Name="SHIELD"/>
  <TeamTags ComicBookId="1002"
            Name="Justice League"/>
  <TeamTags ComicBookId="1002"
            Name="The Daily Planet"/>
  <LocationTags ComicBookId="1000"
                Name="Wakanda"/>
  <LocationTags ComicBookId="1000"
                Name="Genosha"/>
  <LocationTags ComicBookId="1000"
                Name="The Savage Land"/>
  <LocationTags ComicBookId="1001"
                Name="Wakanda"/>
  <LocationTags ComicBookId="1001"
                Name="Genosha"/>
  <LocationTags ComicBookId="1001"
                Name="The Savage Land"/>
  <LocationTags ComicBookId="1002"
                Name="The Fortress Of Solitude"/>
  <LocationTags ComicBookId="1003"
                Name="New York City"/>
  <StoryTags ComicBookId="1000"
             Name="Civil War II"/>
  <StoryTags ComicBookId="1001"
             Name="Prelude To Civil War II"/>
  <Pages Id="1000"
         ComicBookId="1000"
         PageState="STABLE"
         Filename="frontpage.jpg"
         PageNumber="0"
         FileHash="0123456789ABCDEF0123456789ABCDEF"/>
  <Pages Id="1001"
         ComicBookId="1000"
         PageState="STABLE"
         Filename="page1.jpg"
         PageNumber="1"
         FileHash="F0123456789ABCDEF0123456789ABCDE"/>
  <Pages Id="1002"
         ComicBookId="1000"
         PageState="STABLE"
         Filename="page2.jpg"
         PageNumber="2"
         FileHash="EF0123456789ABCDEF0123456789ABCD"/>
  <Pages Id="1003"
         ComicBookId="1000"
         PageState="STABLE"
         Filename="page3.jpg"
         PageNumber="3"
         FileHash="DEF0123456789ABCDEF0123456789ABC"/>
  <Pages Id="1004"
         ComicBookId="1000"
         PageState="STABLE"
         Filename="backpage.jpg"
         PageNumber="4"
         FileHash="CDEF0123456789ABCDEF0123456789AB"/>
  <Pages Id="2000"
         ComicBookId="1001"
         PageState="STABLE"
         Filename="frontpage.jpg"
         PageNumber="0"
         FileHash="BCDEF0123456789ABCDEF0123456789A"/>
  <Pages Id="2001"
         ComicBookId="1001"
         PageState="STABLE"
         Filename="page1.jpg"
         PageNumber="1"
         FileHash="ABCDEF0123456789ABCDEF0123456789"/>
  <Pages Id="2002"
         ComicBookId="1001"
         PageState="STABLE"
         Filename="page2.jpg"
         PageNumber="2"
         FileHash="9ABCDEF0123456789ABCDEF012345678"/>
  <Pages Id="2003"
         ComicBookId="1001"
         PageState="STABLE"
         Filename="backcover.jpg"
         PageNumber="4"
         FileHash="89ABCDEF0123456789ABCDEF01234567"/>
  <Pages Id="2102"
         ComicBookId="1001"
         PageState="STABLE"
         Filename="frontpage.jpg"
         PageNumber="1"
         FileHash="789ABCDEF0123456789ABCDEF0123456"/>
  <Pages Id="3000"
         ComicBookId="1002"
         PageState="STABLE"
         Filename="frontpage.jpg"
         PageNumber="0"
         FileHash="6789ABCDEF0123456789ABCDEF012345"/>
  <Pages Id="3001"
         ComicBookId="1002"
         PageState="DELETED"
         Filename="page1.jpg"
         PageNumber="1"
         FileHash="56789ABCDEF0123456789ABCDEF01234"/>
  <Pages Id="3002"
         ComicBookId="1002"
         PageState="DELETED"
         Filename="page1.jpg"
         PageNumber="2"
         FileHash="456789ABCDEF0123456789ABCDEF0123"/>
  <Pages Id="3003"
         ComicBookId="1002"
         PageState="DELETED"
         Filename="backpage.jpg"
         PageNumber="3"
         FileHash="3456789ABCDEF0123456789ABCDEF012"/>
  <Pages Id="3004"
         ComicBookId="1003"
         PageState="STABLE"
         Filename="frontpage.jpg"
         PageNumber="0"
         FileHash="23456789ABCDEF0123456789ABCDEF01"/>
  <Pages Id="3005"
         ComicBookId="1003"
         PageState="STABLE"
         Filename="page1.jpg"
         PageNumber="1"
         FileHash="123456789ABCDEF0123456789ABCDEF0"/>
  <Pages Id="3006"
         ComicBookId="1003"
         PageState="STABLE"
         Filename="page2.jpg"
         PageNumber="2"
         FileHash="0123456789ABCDEF0123456789ABCDEF"/>
  <Pages Id="3007"
         ComicBookId="1003"
         PageState="STABLE"
         Filename="page3.jpg"
         PageNumber="3"
         FileHash="F0123456789ABCDEF0123456789ABCDE"/>
  <Pages Id="3008"
         ComicBookId="1003"
         PageState="STABLE"
         Filename="backpage.jpg"
         PageNumber="4"
         FileHash="EF0123456789ABCDEF0123456789ABCD"/>
  <BlockedHashes Id="1000"
                 Label="Created Yesterday"
                 Hash="0123456789ABCDEF0123456789ABCDEF"
                 Snapshot="some base64 data"
                 CreatedOn="[now-1d]"
  />
  <BlockedHashes Id="1001"
                 Label="Created Today"
                 Hash="ABCDEF0123456789ABCDEF0123456789"
                 Snapshot="some base64 data"
                 CreatedOn="[now]"/>
  <Users id="1000"
         Email="comixedreader@localhost"
         PasswordHash="12345"
         CreatedOn="2018-01-01 12:00:00"
         LastLoggedOn="2018-12-18 17:57:00"/>
  <Users id="2000"
         Email="comixedreader2@localhost"
         PasswordHash="54321"
         CreatedOn="2018-01-01 12:00:00"
         LastLoggedOn="2018-12-18 17:57:00"/>
  <LastReadDates Id="1"
                 UserId="1000"
                 ComicBookId="1000"
                 CreatedOn="[now-1d]"
                 LastReadOn="[now]"/>
  <LastReadDates Id="2"
                 UserId="1000"
                 ComicBookId="1001"
                 CreatedOn="[now-1d]"
                 LastReadOn="[now]"/>
  <LastReadDates Id="3"
                 UserId="1000"
                 ComicBookId="1002"
                 CreatedOn="[now-1d]"
                 LastReadOn="[now]"/>
  <LastReadDates Id="4"
                 UserId="1000"
                 ComicBookId="1003"
                 CreatedOn="[now-1d]"
                 LastReadOn="[now]"/>
  <LastReadDates Id="5"
                 UserId="1000"
                 ComicBookId="1004"
                 CreatedOn="[now-1d]"
                 LastReadOn="[now]"/>
  <LastReadDates Id="6"
                 UserId="1000"
                 ComicBookId="1005"
                 CreatedOn="[now-1d]"
                 LastReadOn="[now]"/>
  <LastReadDates Id="7"
                 UserId="1000"
                 ComicBookId="1006"
                 CreatedOn="[now-1d]"
                 LastReadOn="[now]"/>
  <LastReadDates Id="8"
                 UserId="1000"
                 ComicBookId="1010"
                 CreatedOn="[now-1d]"
                 LastReadOn="[now]"/>
  <LastReadDates Id="9"
                 UserId="1000"
                 ComicBookId="1020"
                 CreatedOn="[now-1d]"
                 LastReadOn="[now]"/>
  <LastReadDates Id="10"
                 UserId="1000"
                 ComicBookId="1021"
                 CreatedOn="[now-1d]"
                 LastReadOn="[now]"/>
  <ReadingLists Id="1000"
                ReadingListState="STABLE"
                Name="First Reading List"
                NameKey="FIRST READING LIST"
                OwnerId="1000"
                Summary="This is my reading list"
                CreatedOn="[now-1d]"
                LastModifiedOn="[now]"/>
  <ReadingLists Id="1001"
                ReadingListState="STABLE"
                Name="Second Reading List"
                NameKey="SECOND READING LIST"
                OwnerId="1000"
                Summary="This is my other reading list"
                CreatedOn="[now-1d]"
                LastModifiedOn="[now]"/>
  <ReadingListEntries ReadingListId="1000"
                      ComicBookId="1000"/>
  <ReadingListEntries ReadingListId="1000"
                      ComicBookId="1001"/>
  <ReadingListEntries ReadingListId="1000"
                      ComicBookId="1002"/>
  <ReadingListEntries ReadingListId="1000"
                      ComicBookId="1003"/>
  <ReadingListEntries ReadingListId="1000"
                      ComicBookId="1004"/>
  <SmartReadingLists Id="1000"
                     Name="First Smart Reading List"
                     OwnerId="1000"
                     Summary="This is my smart reading list"
                     CreatedOn="2019-01-01 13:00:00"
                     Negative="false"/>
  <SmartReadingLists Id="1001"
                     Name="Second Smart Reading List"
                     OwnerId="1000"
                     Summary="This is my other smart reading list"
                     CreatedOn="2019-02-01 13:00:00"
                     Negative="false"/>
  <SmartListMatchers Id="1000"
                     SmartListId="1000"
                     MatcherType="ComicBookPublisherMatcher"
                     Negative="false"
                     MatcherOperator="1"
                     MatcherValue="Dark Horse"/>
  <SmartListMatchers Id="1001"
                     SmartListId="1000"
                     MatcherType="ComicBookPublisherMatcher"
                     Negative="false"
                     MatcherOperator="1"
                     MatcherValue="Image"/>
  <MetadataCache Id="1000"
                 Source="ComicVine"
                 CacheKey="volumes[Iron Man]"
                 CreatedON="[now]"/>
  <MetadataCacheEntries Id="1000"
                        MetadataCacheId="1000"
                        EntryNumber="0"
                        EntryValue="cached-value-0"/>
  <MetadataCacheEntries Id="1001"
                        MetadataCacheId="1000"
                        EntryNumber="1"
                        EntryValue="cached-value-1"/>
  <MetadataCacheEntries Id="1002"
                        MetadataCacheId="1000"
                        EntryNumber="2"
                        EntryValue="cached-value-2"/>
  <MetadataCacheEntries Id="1003"
                        MetadataCacheId="1000"
                        EntryNumber="3"
                        EntryValue="cached-value-3"/>
  <MetadataCacheEntries Id="1004"
                        MetadataCacheId="1000"
                        EntryNumber="4"
                        EntryValue="cached-value-4"/>
  <MetadataCacheEntries Id="1005"
                        MetadataCacheId="1000"
                        EntryNumber="5"
                        EntryValue="cached-value-5"/>
  <MetadataCacheEntries Id="1006"
                        MetadataCacheId="1000"
                        EntryNumber="6"
                        EntryValue="cached-value-6"/>
  <MetadataCacheEntries Id="1007"
                        MetadataCacheId="1000"
                        EntryNumber="7"
                        EntryValue="cached-value-7"/>
  <MetadataCacheEntries Id="1008"
                        MetadataCacheId="1000"
                        EntryNumber="8"
                        EntryValue="cached-value-8"/>
  <MetadataCacheEntries Id="1009"
                        MetadataCacheId="1000"
                        EntryNumber="9"
                        EntryValue="cached-value-9"/>
  <Stories Id="1"
           Name="Age Of Ultron"
           StoryState="STABLE"
           Publisher="Marvel"
           CreatedOn="[now]"
           ModifiedOn="[now]"/>
  <Stories Id="2"
           Name="Age Of Ultron"
           StoryState="STABLE"
           Publisher="Panini"
           CreatedOn="[now]"
           ModifiedOn="[now]"/>
  <Stories Id="3"
           Name="Identify Crisis"
           StoryState="STABLE"
           Publisher="Marvel"
           CreatedOn="[now]"
           ModifiedOn="[now]"/>
  <Issues Id="1"
          Publisher="Marvel"
          Series="Steve Rogers: Captain America"
          Volume="2017"
          IssueNumber="512"/>
  <Issues Id="2"
          Publisher="Marvel"
          Series="Steve Rogers: Captain America"
          Volume="2017"
          IssueNumber="513"/>
  <Issues Id="3"
          Publisher="Marvel"
          Series="Steve Rogers: Captain America"
          Volume="2017"
          IssueNumber="514"/>
  <Issues Id="11"
          Publisher="Marvel"
          Series="Steve Rogers: Captain America"
          Volume="2017"
          IssueNumber="4"/>
  <Issues Id="12"
          Publisher="Marvel"
          Series="Steve Rogers: Captain America"
          Volume="2017"
          IssueNumber="5"/>
  <Issues Id="13"
          Publisher="Marvel"
          Series="Steve Rogers: Captain America"
          Volume="2016"
          IssueNumber="6"/>
</dataset>
