<?xml version="1.0" encoding="UTF-8"?>
<dataset>
  <ScrapingRules Id="1"
                 Name="Rule 1"
                 Rule="The rule"
                 Priority="1"
                 SeriesPosition="1"
                 VolumePosition="2"
                 IssueNumberPosition="3"
                 CoverDatePosition="4"
                 DateFormat="YYYY-mm-dd"
                 LastModifiedOn="[now]"/>
  <Comics Id="1000"
          Filename="C:/users/mcpierce/Documents/comics/example.cbz"
          ComicState="STABLE"
          ArchiveType="CBZ"
          Publisher="Marvel"
          Series="Steve Rogers: Captain America"
          ComicVineId="ABCDEFG"
          CreatedOn="2017-06-16 15:21:00"
          LastModifiedOn="2020-01-09 06:25:00"
          CoverDate="2017-01-31"
          Volume="2017"
          IssueNumber="512"
          Description="This is a comic book's description"
          imprint="Marvel Digital"
          sortname="My First Comic"
          FileContentsLoaded="true"
          BlockedPagesMarked="true"
          UpdateMetadata="true"
          Consolidating="false"
          Recreating="true"/>
  <Comics Id="1001"
          Filename="C:/users/mcpierce/Documents/comics/example2.cbz"
          ComicState="STABLE"
          ArchiveType="CBZ"
          Publisher="Marvel"
          Series="Steve Rogers: Captain America"
          ComicVineId="ABCDEFG"
          CreatedOn="2017-06-15 15:20:00"
          LastModifiedOn="2020-01-09 06:27:00"
          CoverDate="2017-02-28"
          Volume="2017"
          IssueNumber="513"
          Description="This is a comic book's description"
          FileContentsLoaded="true"
          BlockedPagesMarked="true"
          UpdateMetadata="true"
          Consolidating="false"
          Recreating="true"/>
  <Comics Id="1002"
          Filename="C:/users/mcpierce/Documents/comics/example3.cbz"
          ComicState="STABLE"
          ArchiveType="CBZ"
          Publisher="DC"
          Series="Action Comics"
          ComicVineId="ABCDEFG"
          CreatedOn="2017-06-14 15:20:00"
          LastModifiedOn="2020-01-09 06:26:00"
          CoverDate="2017-01-31"
          Volume="2017"
          IssueNumber="512"
          Description="This is a comic book's description"
          FileContentsLoaded="true"
          BlockedPagesMarked="true"
          UpdateMetadata="true"
          Consolidating="false"
          Recreating="true"/>
  <Comics Id="1003"
          Filename="C:/users/mcpierce/Documents/comics/example4.cbz"
          ComicState="STABLE"
          ArchiveType="CBZ"
          Publisher="Warren"
          Series="Creepy"
          ComicVineId="ABCDEFG"
          CreatedOn="2017-06-13 15:20:00"
          LastModifiedOn="2020-01-09 06:25:00"
          CoverDate="1965-01-31"
          Volume="2017"
          IssueNumber="512"
          Description="This is a comic book's description"
          FileContentsLoaded="true"
          BlockedPagesMarked="true"
          UpdateMetadata="true"
          Consolidating="false"
          Recreating="true"/>
  <Comics Id="1004"
          Filename="C:/users/mcpierce/Documents/comics/example5.cbz"
          ComicState="STABLE"
          ArchiveType="CBZ"
          Publisher="Marvel"
          Series="Steve Rogers: Captain America"
          ComicVineId="ABCDEFG"
          CreatedOn="2017-06-15 15:20:00"
          LastModifiedOn="2020-01-09 06:27:11"
          CoverDate="2017-03-31"
          Volume="2017"
          IssueNumber="514"
          Description="This is a comic book's description"
          FileContentsLoaded="true"
          BlockedPagesMarked="true"
          UpdateMetadata="true"
          Consolidating="false"
          Recreating="true"/>
  <Comics Id="1005"
          Filename="C:/users/mcpierce/Documents/comics/example6.cbz"
          ComicState="STABLE"
          ArchiveType="CBZ"
          Publisher="Marvel"
          Series="Steve Rogers: Captain America"
          ComicVineId="ABCDEFG"
          CreatedOn="2017-06-15 15:20:10"
          LastModifiedOn="2020-01-09 06:27:02"
          CoverDate="2016-02-28"
          Volume="2017"
          IssueNumber="250"
          Description="This is a comic book's description"
          FileContentsLoaded="true"
          BlockedPagesMarked="true"
          UpdateMetadata="true"
          Consolidating="false"
          Recreating="true"/>
  <Comics Id="1006"
          Filename="C:/users/mcpierce/Documents/comics/example7.cbz"
          ComicState="STABLE"
          ArchiveType="CBZ"
          Publisher="Marvel"
          Series="Steve Rogers: Captain America"
          ComicVineId="ABCDEFG"
          CreatedOn="2017-06-15 15:20:20"
          LastModifiedOn="2020-01-09 06:27:30"
          CoverDate="2015-02-28"
          Volume="2017"
          IssueNumber="249"
          Description="This is a comic book's description"
          FileContentsLoaded="true"
          BlockedPagesMarked="true"
          UpdateMetadata="true"
          Consolidating="false"
          Recreating="true"/>
  <Comics Id="1010"
          Filename="C:/users/mcpierce/Documents/comics/deleted-example1.cbz"
          ComicState="DELETED"
          ArchiveType="CBZ"
          Publisher="Marvel"
          Series="Steve Rogers: Captain America"
          ComicVineId="ABCDEFG"
          CreatedOn="2017-06-15 15:20:20"
          LastModifiedOn="2020-01-09 06:27:30"
          CoverDate="2015-02-28"
          DeletedOn="2020-03-23"
          Volume="2017"
          IssueNumber="249"
          Description="This is a comic book's description"
          FileContentsLoaded="true"
          BlockedPagesMarked="true"
          UpdateMetadata="true"
          Consolidating="false"
          Recreating="true"/>
  <Comics Id="1020"
          Filename="C:/users/mcpierce/Documents/comics/duplicate-1.cbz"
          ComicState="STABLE"
          ArchiveType="CBZ"
          Publisher="Marvel"
          Series="Nova"
          ComicVineId="ABCDEFG"
          CreatedOn="2019-04-24 09:35:00"
          LastModifiedOn="2019-04-24 09:35:00"
          CoverDate="2017-02-31"
          DeletedOn="2020-03-23"
          Volume="2015"
          IssueNumber="19"
          Description="This is a comic book's description"
          FileContentsLoaded="true"
          BlockedPagesMarked="true"
          UpdateMetadata="true"
          Consolidating="false"
          Recreating="true"/>
  <Comics Id="1021"
          Filename="C:/users/mcpierce/Documents/comics/duplicate-2.cbz"
          ComicState="STABLE"
          ArchiveType="CBZ"
          Publisher="Marvel"
          Series="Nova"
          ComicVineId="ABCDEFG"
          CreatedOn="2019-04-24 09:36:00"
          LastModifiedOn="2019-04-24 09:36:00"
          CoverDate="2017-02-31"
          DeletedOn="2020-03-23"
          Volume="2015"
          IssueNumber="19"
          Description="This is a comic book's description"
          FileContentsLoaded="true"
          BlockedPagesMarked="true"
          UpdateMetadata="true"
          Consolidating="false"
          Recreating="true"/>
  <Comics Id="2000"
          Filename="C:/users/mcpierce/Documents/comics/unread-1.cbz"
          ComicState="STABLE"
          ArchiveType="CBZ"
          Publisher="Marvel"
          Series="Unwanted Comic"
          COMICVINEId="ABCDEFG"
          CreatedOn="2019-04-24 09:36:00"
          LastModifiedOn="2019-04-24 09:36:00"
          CoverDate="2017-02-31"
          DeletedOn="2020-03-23"
          Volume="2015"
          IssueNumber="19"
          Description="This is a comic book's description"
          FileContentsLoaded="true"
          BlockedPagesMarked="true"
          UpdateMetadata="true"
          Consolidating="false"
          Recreating="true"/>
  <characters comicid="1000"
              Name="Captain America"/>
  <characters comicid="1000"
              Name="Sharon Carter"/>
  <characters comicid="1000"
              Name="Red Skull"/>
  <characters comicid="1001"
              Name="Captain America"/>
  <characters comicid="1001"
              Name="Steve Rogers"/>
  <characters comicid="1001"
              Name="Sharon Carter"/>
  <characters comicid="1002"
              Name="Superman"/>
  <characters comicid="1002"
              Name="Lois Lane"/>
  <characters comicid="1002"
              Name="Lex Luthor"/>
  <characters comicid="1002"
              Name="Batman"/>
  <characters comicid="1002"
              Name="Perry White"/>
  <teams comicid="1000"
         Name="SHIELD"/>
  <teams comicid="1000"
         Name="Hydra"/>
  <teams comicid="1001"
         Name="SHIELD"/>
  <teams comicid="1002"
         Name="Justice League"/>
  <teams comicid="1002"
         Name="The Daily Planet"/>
  <locations comicid="1000"
             Name="Wakanda"/>
  <locations comicid="1000"
             Name="Genosha"/>
  <locations comicid="1000"
             Name="The Savage Land"/>
  <locations comicid="1001"
             Name="Wakanda"/>
  <locations comicid="1001"
             Name="Genosha"/>
  <locations comicid="1001"
             Name="The Savage Land"/>
  <locations comicid="1002"
             Name="The Fortress Of Solitude"/>
  <locations comicid="1003"
             Name="New York City"/>
  <stories comicid="1000"
           Name="Civil War II"/>
  <stories comicid="1001"
           Name="Prelude To Civil War II"/>
  <Pages Id="1000"
         ComicId="1000"
         Filename="frontpage.jpg"
         PageNumber="0"
         FileHash="0123456789ABCDEF0123456789ABCDEF"
         Deleted="false"/>
  <Pages Id="1001"
         ComicId="1000"
         Filename="page1.jpg"
         PageNumber="1"
         FileHash="F0123456789ABCDEF0123456789ABCDE"
         Deleted="false"/>
  <Pages Id="1002"
         ComicId="1000"
         Filename="page2.jpg"
         PageNumber="2"
         FileHash="EF0123456789ABCDEF0123456789ABCD"
         Deleted="false"/>
  <Pages Id="1003"
         ComicId="1000"
         Filename="page3.jpg"
         PageNumber="3"
         FileHash="DEF0123456789ABCDEF0123456789ABC"
         Deleted="false"/>
  <Pages Id="1004"
         ComicId="1000"
         Filename="backpage.jpg"
         PageNumber="4"
         FileHash="CDEF0123456789ABCDEF0123456789AB"
         Deleted="false"/>
  <Pages Id="2000"
         ComicId="1001"
         Filename="frontpage.jpg"
         PageNumber="0"
         FileHash="BCDEF0123456789ABCDEF0123456789A"
         Deleted="false"/>
  <Pages Id="2001"
         ComicId="1001"
         Filename="page1.jpg"
         PageNumber="1"
         FileHash="ABCDEF0123456789ABCDEF0123456789"
         Deleted="false"/>
  <Pages Id="2002"
         ComicId="1001"
         Filename="page2.jpg"
         PageNumber="2"
         FileHash="9ABCDEF0123456789ABCDEF012345678"
         Deleted="false"/>
  <Pages Id="2003"
         ComicId="1001"
         Filename="backcover.jpg"
         PageNumber="4"
         FileHash="89ABCDEF0123456789ABCDEF01234567"
         Deleted="false"/>
  <Pages Id="2102"
         ComicId="1001"
         Filename="frontpage.jpg"
         PageNumber="1"
         FileHash="789ABCDEF0123456789ABCDEF0123456"
         Deleted="false"/>
  <Pages Id="3000"
         ComicId="1002"
         Filename="frontpage.jpg"
         PageNumber="0"
         FileHash="6789ABCDEF0123456789ABCDEF012345"
         Deleted="false"/>
  <Pages Id="3001"
         ComicId="1002"
         Filename="page1.jpg"
         PageNumber="1"
         FileHash="56789ABCDEF0123456789ABCDEF01234"
         Deleted="true"/>
  <Pages Id="3002"
         ComicId="1002"
         Filename="page1.jpg"
         PageNumber="2"
         FileHash="456789ABCDEF0123456789ABCDEF0123"
         Deleted="true"/>
  <Pages Id="3003"
         ComicId="1002"
         Filename="backpage.jpg"
         PageNumber="3"
         FileHash="3456789ABCDEF0123456789ABCDEF012"
         Deleted="true"/>
  <Pages Id="3004"
         ComicId="1003"
         Filename="frontpage.jpg"
         PageNumber="0"
         FileHash="23456789ABCDEF0123456789ABCDEF01"
         Deleted="false"/>
  <Pages Id="3005"
         ComicId="1003"
         Filename="page1.jpg"
         PageNumber="1"
         FileHash="123456789ABCDEF0123456789ABCDEF0"
         Deleted="false"/>
  <Pages Id="3006"
         ComicId="1003"
         Filename="page2.jpg"
         PageNumber="2"
         FileHash="0123456789ABCDEF0123456789ABCDEF"
         Deleted="false"/>
  <Pages Id="3007"
         ComicId="1003"
         Filename="page3.jpg"
         PageNumber="3"
         FileHash="F0123456789ABCDEF0123456789ABCDE"
         Deleted="false"/>
  <Pages Id="3008"
         ComicId="1003"
         Filename="backpage.jpg"
         PageNumber="4"
         FileHash="EF0123456789ABCDEF0123456789ABCD"
         Deleted="false"/>
  <BlockedPages Id="1000"
                Label="Created Yesterday"
                Hash="0123456789ABCDEF0123456789ABCDEF"
                Snapshot="some base64 data"
                CreatedOn="[now-1d]"
  />
  <BlockedPages Id="1001"
                Label="Created Today"
                Hash="ABCDEF0123456789ABCDEF0123456789"
                Snapshot="some base64 data"
                CreatedOn="[now]"/>
  <Users id="1000"
         Email="comixedreader@localhost"
         PasswordHash="12345"
         CreatedOn="2018-01-01 12:00:00"
         LastLoggedOn="2018-12-18 17:57:00"/>
  <Users id="2000"
         Email="comixedreader2@localhost"
         PasswordHash="54321"
         CreatedOn="2018-01-01 12:00:00"
         LastLoggedOn="2018-12-18 17:57:00"/>
  <LastReadDates Id="1"
                 UserId="1000"
                 ComicId="1000"
                 CreatedOn="[now-1d]"
                 LastReadOn="[now]"
                 LastModifiedOn="[now-1d]"/>
  <LastReadDates Id="2"
                 UserId="1000"
                 ComicId="1001"
                 CreatedOn="[now-1d]"
                 LastReadOn="[now]"
                 LastModifiedOn="[now-1d]"/>
  <LastReadDates Id="3"
                 UserId="1000"
                 ComicId="1002"
                 CreatedOn="[now-1d]"
                 LastReadOn="[now]"
                 LastModifiedOn="[now-1d]"/>
  <LastReadDates Id="4"
                 UserId="1000"
                 ComicId="1003"
                 CreatedOn="[now-1d]"
                 LastReadOn="[now]"
                 LastModifiedOn="[now-1d]"/>
  <LastReadDates Id="5"
                 UserId="1000"
                 ComicId="1004"
                 CreatedOn="[now-1d]"
                 LastReadOn="[now]"
                 LastModifiedOn="[now-1d]"/>
  <LastReadDates Id="6"
                 UserId="1000"
                 ComicId="1005"
                 CreatedOn="[now-1d]"
                 LastReadOn="[now]"
                 LastModifiedOn="[now-1d]"/>
  <LastReadDates Id="7"
                 UserId="1000"
                 ComicId="1006"
                 CreatedOn="[now-1d]"
                 LastReadOn="[now]"
                 LastModifiedOn="[now-1d]"/>
  <LastReadDates Id="8"
                 UserId="1000"
                 ComicId="1010"
                 CreatedOn="[now-1d]"
                 LastReadOn="[now]"
                 LastModifiedOn="[now-1d]"/>
  <LastReadDates Id="9"
                 UserId="1000"
                 ComicId="1020"
                 CreatedOn="[now-1d]"
                 LastReadOn="[now]"
                 LastModifiedOn="[now-1d]"/>
  <LastReadDates Id="10"
                 UserId="1000"
                 ComicId="1021"
                 CreatedOn="[now-1d]"
                 LastReadOn="[now]"
                 LastModifiedOn="[now-1d]"/>
  <ReadingLists Id="1000"
                ReadingListState="STABLE"
                Name="First Reading List"
                NameKey="FIRST READING LIST"
                OwnerId="1000"
                Summary="This is my reading list"
                CreatedOn="[now-1d]"
                LastModifiedOn="[now]"/>
  <ReadingLists Id="1001"
                ReadingListState="STABLE"
                Name="Second Reading List"
                NameKey="SECOND READING LIST"
                OwnerId="1000"
                Summary="This is my other reading list"
                CreatedOn="[now-1d]"
                LastModifiedOn="[now]"/>
  <ReadingListEntries ReadingListId="1000"
                      ComicId="1000"/>
  <ReadingListEntries ReadingListId="1000"
                      ComicId="1001"/>
  <ReadingListEntries ReadingListId="1000"
                      ComicId="1002"/>
  <ReadingListEntries ReadingListId="1000"
                      ComicId="1003"/>
  <ReadingListEntries ReadingListId="1000"
                      ComicId="1004"/>
  <SmartReadingLists Id="1000"
                     Name="First Smart Reading List"
                     OwnerId="1000"
                     Summary="This is my smart reading list"
                     CreatedOn="2019-01-01 13:00:00"
                     Negative="false"/>
  <SmartReadingLists Id="1001"
                     Name="Second Smart Reading List"
                     OwnerId="1000"
                     Summary="This is my other smart reading list"
                     CreatedOn="2019-02-01 13:00:00"
                     Negative="false"/>
  <SmartListMatchers Id="1000"
                     SmartListId="1000"
                     MatcherType="ComicBookPublisherMatcher"
                     Negative="false"
                     MatcherOperator="1"
                     MatcherValue="Dark Horse"/>
  <SmartListMatchers Id="1001"
                     SmartListId="1000"
                     MatcherType="ComicBookPublisherMatcher"
                     Negative="false"
                     MatcherOperator="1"
                     MatcherValue="Image"/>
  <scrapingcache Id="1000"
                 Source="ComicVine"
                 CacheKey="volumes[Iron Man]"
                 CreatedON="[now]"/>
  <ScrapingCachEentries Id="1000"
                        ScrapingCacheId="1000"
                        EntryNumber="0"
                        EntryValue="cached-value-0"/>
  <ScrapingCachEentries Id="1001"
                        ScrapingCacheId="1000"
                        EntryNumber="1"
                        EntryValue="cached-value-1"/>
  <ScrapingCachEentries Id="1002"
                        ScrapingCacheId="1000"
                        EntryNumber="2"
                        EntryValue="cached-value-2"/>
  <ScrapingCachEentries Id="1003"
                        ScrapingCacheId="1000"
                        EntryNumber="3"
                        EntryValue="cached-value-3"/>
  <ScrapingCachEentries Id="1004"
                        ScrapingCacheId="1000"
                        EntryNumber="4"
                        EntryValue="cached-value-4"/>
  <ScrapingCachEentries Id="1005"
                        ScrapingCacheId="1000"
                        EntryNumber="5"
                        EntryValue="cached-value-5"/>
  <ScrapingCachEentries Id="1006"
                        ScrapingCacheId="1000"
                        EntryNumber="6"
                        EntryValue="cached-value-6"/>
  <ScrapingCachEentries Id="1007"
                        ScrapingCacheId="1000"
                        EntryNumber="7"
                        EntryValue="cached-value-7"/>
  <ScrapingCachEentries Id="1008"
                        ScrapingCacheId="1000"
                        EntryNumber="8"
                        EntryValue="cached-value-8"/>
  <ScrapingCachEentries Id="1009"
                        ScrapingCacheId="1000"
                        EntryNumber="9"
                        EntryValue="cached-value-9"/>
  <WebAuditLogEntries Id="1000"
                      RemoteIp="192.168.1.125"
                      URL="/api/comics"
                      Method="GET"
                      EMail="reader@comixedproject.org"
                      StartedAt="[now+1h]"
                      EndedAt="[now+1h+1m]"
                      Successful="true"
                      ResponseContent="some data"/>
</dataset>
