<?xml version="1.0" encoding="UTF-8"?>
<dataset>
  <ScanTypes id="1"
             Name="digital"/>
  <ScanTypes id="2"
             Name="print"/>
  <ScanTypes id="3"
             Name="printc2c"/>
  <ScanTypes id="4"
             Name="fiche"/>
  <ScanTypes id="5"
             Name="hybrid"/>
  <ScanTypes id="6"
             Name="partial"/>
  <ScanTypes id="7"
             Name="scanalation"/>
  <ComicFormats id="1"
                Name="standard"/>
  <ComicFormats id="2"
                Name="trade-paperback"/>
  <ComicFormats id="3"
                Name="graphic-novel"/>
  <ComicFormats id="4"
                Name="deluxe-edition"/>
  <ComicFormats id="5"
                Name="treasury"/>
  <ComicFormats id="6"
                Name="digest"/>
  <ComicFormats id="7"
                Name="preview"/>
  <ComicFormats id="8"
                Name="promotional"/>
  <ComicFormats id="9"
                Name="unpublished"/>
  <ComicFormats id="10"
                Name="book"/>
  <ComicFormats id="11"
                Name="magazine"/>
  <ComicFormats id="12"
                Name="manga-left"/>
  <ComicFormats id="13"
                Name="manga-right"/>
  <Comics ID="1000"
          FILENAME="C:/users/mcpierce/Documents/comics/example.cbz"
          ArchiveType="CBZ"
          publisher="Marvel"
          series="Steve Rogers: Captain America"
          COMICVINEID="ABCDEFG"
          CreatedOn="2017-06-16 15:21:00"
          LastUpdatedOn="2020-01-09 06:25:00"
          coverdate="2017-01-31"
          volume="2017"
          issuenumber="512"
          description="This is a comic book's description"
          scantypeid="1"
          formatid="1"
          imprint="Marvel Digital"
          sortname="My First Comic"/>
  <Comics ID="1001"
          FILENAME="C:/users/mcpierce/Documents/comics/example2.cbz"
          ArchiveType="CBZ"
          publisher="Marvel"
          series="Steve Rogers: Captain America"
          COMICVINEID="ABCDEFG"
          CreatedOn="2017-06-15 15:20:00"
          LastUpdatedOn="2020-01-09 06:27:00"
          coverdate="2017-02-28"
          volume="2017"
          issuenumber="513"
          description="This is a comic book's description"
          scantypeid="2"
          formatid="1"/>
  <Comics ID="1002"
          FILENAME="C:/users/mcpierce/Documents/comics/example3.cbz"
          ArchiveType="CBZ"
          publisher="DC"
          series="Action Comics"
          COMICVINEID="ABCDEFG"
          CreatedOn="2017-06-14 15:20:00"
          LastUpdatedOn="2020-01-09 06:26:00"
          coverdate="2017-01-31"
          volume="2017"
          issuenumber="512"
          description="This is a comic book's description"
          scantypeid="1"
          formatid="1"/>
  <Comics ID="1003"
          FILENAME="C:/users/mcpierce/Documents/comics/example4.cbz"
          ArchiveType="CBZ"
          publisher="Warren"
          series="Creepy"
          COMICVINEID="ABCDEFG"
          CreatedOn="2017-06-13 15:20:00"
          LastUpdatedOn="2020-01-09 06:25:00"
          coverdate="1965-01-31"
          volume="2017"
          issuenumber="512"
          description="This is a comic book's description"
          scantypeid="1"
          formatid="1"/>
  <Comics ID="1004"
          FILENAME="C:/users/mcpierce/Documents/comics/example5.cbz"
          ArchiveType="CBZ"
          publisher="Marvel"
          series="Steve Rogers: Captain America"
          COMICVINEID="ABCDEFG"
          CreatedOn="2017-06-15 15:20:00"
          LastUpdatedOn="2020-01-09 06:27:11"
          coverdate="2017-03-31"
          volume="2017"
          issuenumber="514"
          description="This is a comic book's description"
          scantypeid="2"
          formatid="1"/>
  <Comics ID="1005"
          FILENAME="C:/users/mcpierce/Documents/comics/example6.cbz"
          ArchiveType="CBZ"
          publisher="Marvel"
          series="Steve Rogers: Captain America"
          COMICVINEID="ABCDEFG"
          CreatedOn="2017-06-15 15:20:10"
          LastUpdatedOn="2020-01-09 06:27:02"
          coverdate="2016-02-28"
          volume="2017"
          issuenumber="250"
          description="This is a comic book's description"
          scantypeid="2"
          formatid="1"/>
  <Comics ID="1006"
          FILENAME="C:/users/mcpierce/Documents/comics/example7.cbz"
          ArchiveType="CBZ"
          publisher="Marvel"
          series="Steve Rogers: Captain America"
          COMICVINEID="ABCDEFG"
          CreatedOn="2017-06-15 15:20:20"
          LastUpdatedOn="2020-01-09 06:27:30"
          coverdate="2015-02-28"
          volume="2017"
          issuenumber="249"
          description="This is a comic book's description"
          scantypeid="2"
          formatid="1"/>
  <Comics ID="1010"
          FILENAME="C:/users/mcpierce/Documents/comics/deleted-example1.cbz"
          ArchiveType="CBZ"
          publisher="Marvel"
          series="Steve Rogers: Captain America"
          COMICVINEID="ABCDEFG"
          CreatedOn="2017-06-15 15:20:20"
          LastUpdatedOn="2020-01-09 06:27:30"
          coverdate="2015-02-28"
          DeletedOn="2020-03-23"
          volume="2017"
          issuenumber="249"
          description="This is a comic book's description"
          scantypeid="2"
          formatid="1"/>
  <Comics ID="1020"
          FILENAME="C:/users/mcpierce/Documents/comics/duplicate-1.cbz"
          ArchiveType="CBZ"
          publisher="Marvel"
          series="Nova"
          COMICVINEID="ABCDEFG"
          CreatedOn="2019-04-24 09:35:00"
          LastUpdatedOn="2019-04-24 09:35:00"
          coverdate="2017-02-31"
          DeletedOn="2020-03-23"
          volume="2015"
          issuenumber="19"
          description="This is a comic book's description"
          scantypeid="2"
          formatid="1"/>
  <Comics ID="1021"
          FILENAME="C:/users/mcpierce/Documents/comics/duplicate-2.cbz"
          ArchiveType="CBZ"
          publisher="Marvel"
          series="Nova"
          COMICVINEID="ABCDEFG"
          CreatedOn="2019-04-24 09:36:00"
          LastUpdatedOn="2019-04-24 09:36:00"
          coverdate="2017-02-31"
          DeletedOn="2020-03-23"
          volume="2015"
          issuenumber="19"
          description="This is a comic book's description"
          scantypeid="2"
          formatid="1"/>
  <Tasks Id="1000"
         TaskType="ADD_COMIC"
         CreatedOn="2020-02-19 08:24:00"/>
  <TaskProperties TaskId="1000"
                  Name="filename"
                  Value="/path/to/comic1.cbz"/>
  <TaskProperties TaskId="1000"
                  Name="delete-blocked-pages"
                  Value="true"/>
  <TaskProperties TaskId="1000"
                  Name="ignore-metadata"
                  Value="false"/>
  <Tasks Id="1001"
         TaskType="PROCESS_COMIC"
         ComicId="1000"
         CreatedOn="2020-02-19 08:24:00"/>
  <Tasks Id="1002"
         TaskType="ADD_COMIC"
         CreatedOn="2020-02-19 08:24:00"/>
  <taskauditlog id="1000"
                starttime="[now-1d]"
                endtime="[now-1d+1m]"
                successful="true"
                description="First task entry"/>
  <taskauditlog id="1001"
                starttime="[now-1h]"
                endtime="[now-59m]"
                successful="true"
                description="Second task entry"/>
  <taskauditlog id="1002"
                starttime="[now-59m]"
                endtime="[now-58m]"
                successful="false"
                description="Third task entry"/>
  <taskauditlog id="1003"
                starttime="[now-58m]"
                endtime="[now-57m]"
                successful="false"
                description="Fourth task entry"/>
  <taskauditlog id="1004"
                starttime="[now-57m]"
                endtime="[now-56m]"
                successful="true"
                description="Fifth task entry"/>
  <characters comicid="1000"
              Name="Captain America"/>
  <characters comicid="1000"
              Name="Sharon Carter"/>
  <characters comicid="1000"
              Name="Red Skull"/>
  <characters comicid="1001"
              Name="Captain America"/>
  <characters comicid="1001"
              Name="Steve Rogers"/>
  <characters comicid="1001"
              Name="Sharon Carter"/>
  <characters comicid="1002"
              Name="Superman"/>
  <characters comicid="1002"
              Name="Lois Lane"/>
  <characters comicid="1002"
              Name="Lex Luthor"/>
  <characters comicid="1002"
              Name="Batman"/>
  <characters comicid="1002"
              Name="Perry White"/>
  <teams comicid="1000"
         Name="SHIELD"/>
  <teams comicid="1000"
         Name="Hydra"/>
  <teams comicid="1001"
         Name="SHIELD"/>
  <teams comicid="1002"
         Name="Justice League"/>
  <teams comicid="1002"
         Name="The Daily Planet"/>
  <locations comicid="1000"
             Name="Wakanda"/>
  <locations comicid="1000"
             Name="Genosha"/>
  <locations comicid="1000"
             Name="The Savage Land"/>
  <locations comicid="1001"
             Name="Wakanda"/>
  <locations comicid="1001"
             Name="Genosha"/>
  <locations comicid="1001"
             Name="The Savage Land"/>
  <locations comicid="1002"
             Name="The Fortress Of Solitude"/>
  <locations comicid="1003"
             Name="New York City"/>
  <stories comicid="1000"
           Name="Civil War II"/>
  <stories comicid="1001"
           Name="Prelude To Civil War II"/>
  <pagetypes id="1000"
             name="story"/>
  <pagetypes id="1001"
             name="frontcover"/>
  <pagetypes id="1002"
             name="backcover"/>
  <pages ID="1000"
         comicid="1000"
         typeid="1001"
         filename="frontpage.jpg"
         pagenumber="0"
         FileHash="0123456789ABCDEF0123456789ABCDEF"
         deleted="false"/>
  <pages ID="1001"
         comicid="1000"
         typeid="1000"
         filename="page1.jpg"
         pagenumber="1"
         FileHash="F0123456789ABCDEF0123456789ABCDE"
         deleted="false"/>
  <pages ID="1002"
         comicid="1000"
         typeid="1000"
         filename="page2.jpg"
         pagenumber="2"
         FileHash="EF0123456789ABCDEF0123456789ABCD"
         deleted="false"/>
  <pages ID="1003"
         comicid="1000"
         typeid="1000"
         filename="page3.jpg"
         pagenumber="3"
         FileHash="DEF0123456789ABCDEF0123456789ABC"
         deleted="false"/>
  <pages ID="1004"
         comicid="1000"
         typeid="1002"
         filename="backpage.jpg"
         pagenumber="4"
         FileHash="CDEF0123456789ABCDEF0123456789AB"
         deleted="false"/>
  <pages ID="2000"
         comicid="1001"
         typeid="1001"
         filename="frontpage.jpg"
         pagenumber="0"
         FileHash="BCDEF0123456789ABCDEF0123456789A"
         deleted="false"/>
  <pages ID="2001"
         comicid="1001"
         typeid="1000"
         filename="page1.jpg"
         pagenumber="1"
         FileHash="ABCDEF0123456789ABCDEF0123456789"
         deleted="false"/>
  <pages ID="2002"
         comicid="1001"
         typeid="1000"
         filename="page2.jpg"
         pagenumber="2"
         FileHash="9ABCDEF0123456789ABCDEF012345678"
         deleted="false"/>
  <pages ID="2003"
         comicid="1001"
         typeid="1002"
         filename="backcover.jpg"
         pagenumber="4"
         FileHash="89ABCDEF0123456789ABCDEF01234567"
         deleted="false"/>
  <pages ID="2102"
         comicid="1001"
         typeid="1001"
         filename="frontpage.jpg"
         pagenumber="1"
         FileHash="789ABCDEF0123456789ABCDEF0123456"
         deleted="false"/>
  <pages ID="3000"
         comicid="1002"
         typeid="1000"
         filename="frontpage.jpg"
         pagenumber="0"
         FileHash="6789ABCDEF0123456789ABCDEF012345"
         deleted="false"/>
  <pages ID="3001"
         comicid="1002"
         typeid="1000"
         filename="page1.jpg"
         pagenumber="1"
         FileHash="56789ABCDEF0123456789ABCDEF01234"
         deleted="true"/>
  <pages ID="3002"
         comicid="1002"
         typeid="1000"
         filename="page1.jpg"
         pagenumber="2"
         FileHash="456789ABCDEF0123456789ABCDEF0123"
         deleted="true"/>
  <pages ID="3003"
         comicid="1002"
         typeid="1002"
         filename="backpage.jpg"
         pagenumber="3"
         FileHash="3456789ABCDEF0123456789ABCDEF012"
         deleted="true"/>
  <pages id="3004"
         comicid="1003"
         typeid="1000"
         filename="frontpage.jpg"
         pagenumber="0"
         FileHash="23456789ABCDEF0123456789ABCDEF01"
         deleted="false"/>
  <pages id="3005"
         comicid="1003"
         typeid="1000"
         filename="page1.jpg"
         pagenumber="1"
         FileHash="123456789ABCDEF0123456789ABCDEF0"
         deleted="false"/>
  <pages id="3006"
         typeid="1000"
         comicid="1003"
         filename="page2.jpg"
         pagenumber="2"
         FileHash="0123456789ABCDEF0123456789ABCDEF"
         deleted="false"/>
  <pages id="3007"
         typeid="1000"
         comicid="1003"
         filename="page3.jpg"
         pagenumber="3"
         FileHash="F0123456789ABCDEF0123456789ABCDE"
         deleted="false"/>
  <pages id="3008"
         typeid="1000"
         comicid="1003"
         filename="backpage.jpg"
         pagenumber="4"
         FileHash="EF0123456789ABCDEF0123456789ABCD"
         deleted="false"/>
  <blockedpagehashes id="1000"
                     hash="0123456789ABCDEF0123456789ABCDEF"/>
  <blockedpagehashes id="1001"
                     hash="ABCDEF0123456789ABCDEF0123456789"/>
  <Users id="1000"
         Email="comixedreader@localhost"
         PasswordHash="12345"
         CreatedOn="2018-01-01 12:00:00"
         LastLoggedOn="2018-12-18 17:57:00"/>
  <Users id="2000"
         Email="comixedreader2@localhost"
         PasswordHash="54321"
         CreatedOn="2018-01-01 12:00:00"
         LastLoggedOn="2018-12-18 17:57:00"/>
  <LastReadDates Id="1"
                 UserId="1000"
                 ComicId="1000"
                 LastReadOn="2018-12-19 08:00:00"
                 LastUpdated="2018-12-19 08:00:00"
                 FirstReadOn="[now]"/>
  <readinglists id="1000"
                name="First Reading List"
                ownerid="1000"
                summary="This is my reading list"
                lastupdated="2019-01-01 13:00:00"/>
  <readinglists id="1001"
                name="Second Reading List"
                ownerid="1000"
                summary="This is my other reading list"
                lastupdated="2019-02-01 13:00:00"/>
  <readinglistentries readinglistid="1000"
                      comicid="1000"/>
  <readinglistentries readinglistid="1000"
                      comicid="1001"/>
  <readinglistentries readinglistid="1000"
                      comicid="1002"/>
  <readinglistentries readinglistid="1000"
                      comicid="1003"/>
  <readinglistentries readinglistid="1000"
                      comicid="1004"/>
  <smartreadinglists Id="1000"
                     Name="First Smart Reading List"
                     OwnerId="1000"
                     Summary="This is my smart reading list"
                     CreatedOn="2019-01-01 13:00:00"
                     Negative="false"/>
  <smartreadinglists Id="1001"
                     Name="Second Smart Reading List"
                     OwnerId="1000"
                     Summary="This is my other smart reading list"
                     CreatedOn="2019-02-01 13:00:00"
                     Negative="false"/>
  <SmartListMatchers Id="1000"
                     SmartListId="1000"
                     MatcherType="ComicBookPublisherMatcher"
                     Negative="false"
                     MatcherOperator="1"
                     MatcherValue="Dark Horse"/>
  <SmartListMatchers Id="1001"
                     SmartListId="1000"
                     MatcherType="ComicBookPublisherMatcher"
                     Negative="false"
                     MatcherOperator="1"
                     MatcherValue="Image"/>
  <scrapingcache Id="1000"
                 Source="ComicVine"
                 CacheKey="volumes[Iron Man]"
                 CreatedON="[now]"/>
  <ScrapingCachEentries Id="1000"
                        ScrapingCacheId="1000"
                        EntryNumber="0"
                        EntryValue="cached-value-0"/>
  <ScrapingCachEentries Id="1001"
                        ScrapingCacheId="1000"
                        EntryNumber="1"
                        EntryValue="cached-value-1"/>
  <ScrapingCachEentries Id="1002"
                        ScrapingCacheId="1000"
                        EntryNumber="2"
                        EntryValue="cached-value-2"/>
  <ScrapingCachEentries Id="1003"
                        ScrapingCacheId="1000"
                        EntryNumber="3"
                        EntryValue="cached-value-3"/>
  <ScrapingCachEentries Id="1004"
                        ScrapingCacheId="1000"
                        EntryNumber="4"
                        EntryValue="cached-value-4"/>
  <ScrapingCachEentries Id="1005"
                        ScrapingCacheId="1000"
                        EntryNumber="5"
                        EntryValue="cached-value-5"/>
  <ScrapingCachEentries Id="1006"
                        ScrapingCacheId="1000"
                        EntryNumber="6"
                        EntryValue="cached-value-6"/>
  <ScrapingCachEentries Id="1007"
                        ScrapingCacheId="1000"
                        EntryNumber="7"
                        EntryValue="cached-value-7"/>
  <ScrapingCachEentries Id="1008"
                        ScrapingCacheId="1000"
                        EntryNumber="8"
                        EntryValue="cached-value-8"/>
  <ScrapingCachEentries Id="1009"
                        ScrapingCacheId="1000"
                        EntryNumber="9"
                        EntryValue="cached-value-9"/>
  <WebAuditLogEntries id="1000"
                      remoteip="192.168.1.125"
                      url="/api/comics"
                      method="GET"
                      email="reader@comixedproject.org"
                      starttime="[now+1h]"
                      endtime="[now+1h+1m]"
                      successful="true"
                      responsecontent="some data"/>
</dataset>
