<?xml version="1.0" encoding="UTF-8"?>
<dataset>
  <scan_types id="1"
              name="digital"/>
  <scan_types id="2"
              name="print"/>
  <scan_types id="3"
              name="print_c2c"/>
  <scan_types id="4"
              name="fiche"/>
  <scan_types id="5"
              name="hybrid"/>
  <scan_types id="6"
              name="partial"/>
  <scan_types id="7"
              name="scanalation"/>
  <comic_formats id="1"
                 name="standard"/>
  <comic_formats id="2"
                 name="trade-paperback"/>
  <comic_formats id="3"
                 name="graphic-novel"/>
  <comic_formats id="4"
                 name="deluxe-edition"/>
  <comic_formats id="5"
                 name="treasury"/>
  <comic_formats id="6"
                 name="digest"/>
  <comic_formats id="7"
                 name="preview"/>
  <comic_formats id="8"
                 name="promotional"/>
  <comic_formats id="9"
                 name="unpublished"/>
  <comic_formats id="10"
                 name="book"/>
  <comic_formats id="11"
                 name="magazine"/>
  <comic_formats id="12"
                 name="manga-left"/>
  <comic_formats id="13"
                 name="manga-right"/>
  <comics ID="1000"
          FILENAME="C:/users/mcpierce/Documents/comics/example.cbz"
          publisher="Marvel"
          series="Steve Rogers: Captain America"
          COMIC_VINE_ID="ABCDEFG"
          added_date="2017-06-16 15:21:00"
          last_updated_date="2020-01-09 06:25:00"
          cover_date="2017-01-31"
          volume="2017"
          issue_number="512"
          description="This is a comic book's description"
          summary="This is a summary"
          scan_type_id="1"
          format_id="1"
          imprint="Marvel Digital"
          sort_name="My First Comic"/>
  <comics ID="1001"
          FILENAME="C:/users/mcpierce/Documents/comics/example2.cbz"
          publisher="Marvel"
          series="Steve Rogers: Captain America"
          COMIC_VINE_ID="ABCDEFG"
          added_date="2017-06-15 15:20:00"
          last_updated_date="2020-01-09 06:27:00"
          cover_date="2017-02-31"
          volume="2017"
          issue_number="513"
          description="This is a comic book's description"
          summary="This is a summary"
          scan_type_id="2"
          format_id="1"/>
  <comics ID="1002"
          FILENAME="C:/users/mcpierce/Documents/comics/example3.cbz"
          publisher="DC"
          series="Action Comics"
          COMIC_VINE_ID="ABCDEFG"
          added_date="2017-06-14 15:20:00"
          last_updated_date="2020-01-09 06:26:00"
          cover_date="2017-01-31"
          volume="2017"
          issue_number="512"
          description="This is a comic book's description"
          summary="This is a summary"
          scan_type_id="1"
          format_id="1"/>
  <comics ID="1003"
          FILENAME="C:/users/mcpierce/Documents/comics/example4.cbz"
          publisher="Warren"
          series="Creepy"
          COMIC_VINE_ID="ABCDEFG"
          added_date="2017-06-13 15:20:00"
          last_updated_date="2020-01-09 06:25:00"
          cover_date="1965-01-31"
          volume="2017"
          issue_number="512"
          description="This is a comic book's description"
          summary="This is a summary"
          scan_type_id="1"
          format_id="1"/>
  <comics ID="1004"
          FILENAME="C:/users/mcpierce/Documents/comics/example5.cbz"
          publisher="Marvel"
          series="Steve Rogers: Captain America"
          COMIC_VINE_ID="ABCDEFG"
          added_date="2017-06-15 15:20:00"
          last_updated_date="2020-01-09 06:27:11"
          cover_date="2017-02-31"
          volume="2017"
          issue_number="514"
          description="This is a comic book's description"
          summary="This is a summary"
          scan_type_id="2"
          format_id="1"/>
  <comics ID="1005"
          FILENAME="C:/users/mcpierce/Documents/comics/example6.cbz"
          publisher="Marvel"
          series="Steve Rogers: Captain America"
          COMIC_VINE_ID="ABCDEFG"
          added_date="2017-06-15 15:20:10"
          last_updated_date="2020-01-09 06:27:02"
          cover_date="2017-02-31"
          volume="2017"
          issue_number="250"
          description="This is a comic book's description"
          summary="This is a summary"
          scan_type_id="2"
          format_id="1"/>
  <comics ID="1006"
          FILENAME="C:/users/mcpierce/Documents/comics/example7.cbz"
          publisher="Marvel"
          series="Steve Rogers: Captain America"
          COMIC_VINE_ID="ABCDEFG"
          added_date="2017-06-15 15:20:20"
          last_updated_date="2020-01-09 06:27:30"
          cover_date="2017-02-31"
          volume="2017"
          issue_number="249"
          description="This is a comic book's description"
          summary="This is a summary"
          scan_type_id="2"
          format_id="1"/>
  <tasks id="1000"
         task_type="ADD_COMIC"
         created="2020-02-19 08:24:00"/>
  <task_properties task_id="1000"
                   name="filename"
                   value="/path/to/comic1.cbz"/>
  <task_properties task_id="1000"
                   name="delete-blocked-pages"
                   value="true"/>
  <task_properties task_id="1000"
                   name="ignore-metadata"
                   value="false"/>
  <tasks id="1001"
         task_type="PROCESS_COMIC"
         comic_id="1000"
         created="2020-02-19 08:24:00"/>
  <tasks id="1002"
         task_type="ADD_COMIC"
         created="2020-02-19 08:24:00"/>
  <comic_characters comic_id="1000"
                    character_name="Captain America"/>
  <comic_characters comic_id="1000"
                    character_name="Sharon Carter"/>
  <comic_characters comic_id="1000"
                    character_name="Red Skull"/>
  <comic_characters comic_id="1001"
                    character_name="Captain America"/>
  <comic_characters comic_id="1001"
                    character_name="Steve Rogers"/>
  <comic_characters comic_id="1001"
                    character_name="Sharon Carter"/>
  <comic_characters comic_id="1002"
                    character_name="Superman"/>
  <comic_characters comic_id="1002"
                    character_name="Lois Lane"/>
  <comic_characters comic_id="1002"
                    character_name="Lex Luthor"/>
  <comic_characters comic_id="1002"
                    character_name="Batman"/>
  <comic_characters comic_id="1002"
                    character_name="Perry White"/>
  <comic_teams comic_id="1000"
               team_name="SHIELD"/>
  <comic_teams comic_id="1000"
               team_name="Hydra"/>
  <comic_teams comic_id="1001"
               team_name="SHIELD"/>
  <comic_teams comic_id="1002"
               team_name="Justice League"/>
  <comic_teams comic_id="1002"
               team_name="The Daily Planet"/>
  <comic_locations comic_id="1000"
                   location_name="Wakanda"/>
  <comic_locations comic_id="1000"
                   location_name="Genosha"/>
  <comic_locations comic_id="1000"
                   location_name="The Savage Land"/>
  <comic_locations comic_id="1001"
                   location_name="Wakanda"/>
  <comic_locations comic_id="1001"
                   location_name="Genosha"/>
  <comic_locations comic_id="1001"
                   location_name="The Savage Land"/>
  <comic_locations comic_id="1002"
                   location_name="The Fortress Of Solitude"/>
  <comic_locations comic_id="1003"
                   location_name="New York City"/>
  <comic_story_arcs comic_id="1000"
                    story_name="Civil War II"/>
  <comic_story_arcs comic_id="1001"
                    story_name="Prelude To Civil War II"/>
  <page_types id="1000"
              name="story"/>
  <page_types id="1001"
              name="front_cover"/>
  <page_types id="1002"
              name="back_cover"/>
  <pages ID="1000"
         comic_id="1000"
         type_id="1001"
         filename="front_page.jpg"
         page_number="0"
         hash="0123456789ABCDEF0123456789ABCDEF"
         deleted="false"/>
  <pages ID="1001"
         comic_id="1000"
         type_id="1000"
         filename="page1.jpg"
         page_number="1"
         hash="F0123456789ABCDEF0123456789ABCDE"
         deleted="false"/>
  <pages ID="1002"
         comic_id="1000"
         type_id="1000"
         filename="page2.jpg"
         page_number="2"
         hash="EF0123456789ABCDEF0123456789ABCD"
         deleted="false"/>
  <pages ID="1003"
         comic_id="1000"
         type_id="1000"
         filename="page3.jpg"
         page_number="3"
         hash="DEF0123456789ABCDEF0123456789ABC"
         deleted="false"/>
  <pages ID="1004"
         comic_id="1000"
         type_id="1002"
         filename="back_page.jpg"
         page_number="4"
         hash="CDEF0123456789ABCDEF0123456789AB"
         deleted="false"/>
  <pages ID="2000"
         comic_id="1001"
         type_id="1001"
         filename="front_page.jpg"
         page_number="0"
         hash="BCDEF0123456789ABCDEF0123456789A"
         deleted="false"/>
  <pages ID="2001"
         comic_id="1001"
         type_id="1000"
         filename="page1.jpg"
         page_number="1"
         hash="ABCDEF0123456789ABCDEF0123456789"
         deleted="false"/>
  <pages ID="2002"
         comic_id="1001"
         type_id="1000"
         filename="page2.jpg"
         page_number="2"
         hash="9ABCDEF0123456789ABCDEF012345678"
         deleted="false"/>
  <pages ID="2003"
         comic_id="1001"
         type_id="1002"
         filename="back_cover.jpg"
         page_number="4"
         hash="89ABCDEF0123456789ABCDEF01234567"
         deleted="false"/>
  <pages ID="2102"
         comic_id="1001"
         type_id="1001"
         filename="front_page.jpg"
         page_number="1"
         hash="789ABCDEF0123456789ABCDEF0123456"
         deleted="false"/>
  <pages ID="3000"
         comic_id="1002"
         type_id="1000"
         filename="front_page.jpg"
         page_number="0"
         hash="6789ABCDEF0123456789ABCDEF012345"
         deleted="false"/>
  <pages ID="3001"
         comic_id="1002"
         type_id="1000"
         filename="page1.jpg"
         page_number="1"
         hash="56789ABCDEF0123456789ABCDEF01234"
         deleted="true"/>
  <pages ID="3002"
         comic_id="1002"
         type_id="1000"
         filename="page1.jpg"
         page_number="2"
         hash="456789ABCDEF0123456789ABCDEF0123"
         deleted="true"/>
  <pages ID="3003"
         comic_id="1002"
         type_id="1002"
         filename="back_page.jpg"
         page_number="3"
         hash="3456789ABCDEF0123456789ABCDEF012"
         deleted="true"/>
  <pages id="3004"
         comic_id="1003"
         type_id="1000"
         filename="front_page.jpg"
         page_number="0"
         hash="23456789ABCDEF0123456789ABCDEF01"
         deleted="false"/>
  <pages id="3005"
         comic_id="1003"
         type_id="1000"
         filename="page1.jpg"
         page_number="1"
         hash="123456789ABCDEF0123456789ABCDEF0"
         deleted="false"/>
  <pages id="3006"
         type_id="1000"
         comic_id="1003"
         filename="page2.jpg"
         page_number="2"
         hash="0123456789ABCDEF0123456789ABCDEF"
         deleted="false"/>
  <pages id="3007"
         type_id="1000"
         comic_id="1003"
         filename="page3.jpg"
         page_number="3"
         hash="F0123456789ABCDEF0123456789ABCDE"
         deleted="false"/>
  <pages id="3008"
         type_id="1000"
         comic_id="1003"
         filename="back_page.jpg"
         page_number="4"
         hash="EF0123456789ABCDEF0123456789ABCD"
         deleted="false"/>
  <blocked_page_hashes id="1000"
                       hash="0123456789ABCDEF0123456789ABCDEF"/>
  <blocked_page_hashes id="1001"
                       hash="ABCDEF0123456789ABCDEF0123456789"/>
  <users id="1000"
         email="comixedreader@localhost"
         password_hash="12345"
         first_login_date="2018-01-01 12:00:00"
         last_login_date="2018-12-18 17:57:00"/>
  <user_last_read_dates id="1"
                        user_id="1000"
                        comic_id="1000"
                        last_read="2018-12-19 08:00:00"/>
  <reading_lists id="1000"
                 name="First Reading List"
                 owner_id="1000"
                 summary="This is my reading list"
                 created="2019-01-01 13:00:00"/>
  <reading_lists id="1001"
                 name="Second Reading List"
                 owner_id="1000"
                 summary="This is my other reading list"
                 created="2019-02-01 13:00:00"/>
  <reading_list_entries id="1000"
                        reading_list_id="1000"
                        comic_id="1000"
                        added="2019-05-27 10:03:00"/>
  <reading_list_entries id="1001"
                        reading_list_id="1000"
                        comic_id="1000"
                        added="2019-05-27 10:03:00"/>
  <reading_list_entries id="1002"
                        reading_list_id="1000"
                        comic_id="1000"
                        added="2019-05-27 10:03:00"/>
  <reading_list_entries id="1003"
                        reading_list_id="1000"
                        comic_id="1000"
                        added="2019-05-27 10:03:00"/>
  <reading_list_entries id="1004"
                        reading_list_id="1000"
                        comic_id="1000"
                        added="2019-05-27 10:03:00"/>
  <smart_reading_lists id="1000"
                       name="First Smart Reading List"
                       owner_id="1000"
                       summary="This is my smart reading list"
                       created="2019-01-01 13:00:00"
                       negative="false"/>
  <smart_reading_lists id="1001"
                       name="Second Smart Reading List"
                       owner_id="1000"
                       summary="This is my other smart reading list"
                       created="2019-02-01 13:00:00"
                       negative="false"/>
  <matchers id="1000"
            smart_list_id="1000"
            type="ComicBookPublisherMatcher"
            negative="false"
            operator="1"
            value="Dark Horse"/>
  <matchers id="1001"
            smart_list_id="1000"
            type="ComicBookPublisherMatcher"
            negative="false"
            operator="1"
            value="Image"/>
  <comic_vine_volume_query_cache id="1000"
                                 series_name="Cached Series"
                                 sequence="0"
                                 created="2019-11-01 09:14:00"
                                 content="First entry"/>
  <comic_vine_volume_query_cache id="1001"
                                 series_name="Cached Series"
                                 sequence="1"
                                 created="2019-11-01 09:14:00"
                                 content="Second entry"/>
  <comic_vine_volume_query_cache id="1002"
                                 series_name="Cached Series"
                                 sequence="2"
                                 created="2019-11-01 09:14:00"
                                 content="Third entry"/>
  <publishers ID="1000"
              NAME="Super Soft Publishing"
              COMIC_VINE_ID="23173"
              COMIC_VINE_URL="http://localhost"
              DESCRIPTION="This is a publisher"/>
</dataset>
